2024-05-27 12:52:20.421  INFO 1 - [       main] c.epam.healenium.Application     : Starting Application v3.4.4 using Java 17.0.10 with PID 1 (/healenium-backend.jar started by root in /) 
2024-05-27 12:52:20.455  INFO 1 - [       main] c.epam.healenium.Application     : No active profile set, falling back to 1 default profile: "default" 
2024-05-27 12:52:28.200  INFO 1 - [       main] .RepositoryConfigurationDelegate : Bootstrapping Spring Data JPA repositories in DEFAULT mode. 
2024-05-27 12:52:29.508  INFO 1 - [       main] .RepositoryConfigurationDelegate : Finished Spring Data repository scanning in 1231 ms. Found 4 JPA repository interfaces. 
2024-05-27 12:52:34.641  INFO 1 - [       main] o.s.b.w.e.t.TomcatWebServer      : Tomcat initialized with port 7878 (http) 
2024-05-27 12:52:34.690  INFO 1 - [       main] o.a.c.core.StandardService       : Starting service [Tomcat] 
2024-05-27 12:52:34.692  INFO 1 - [       main] o.a.c.core.StandardEngine        : Starting Servlet engine: [Apache Tomcat/10.1.18] 
2024-05-27 12:52:34.821  INFO 1 - [       main] o.a.c.c.C.[.[localhost].[/]      : Initializing Spring embedded WebApplicationContext 
2024-05-27 12:52:34.824  INFO 1 - [       main] rvletWebServerApplicationContext : Root WebApplicationContext: initialization completed in 13892 ms 
2024-05-27 12:52:36.171  INFO 1 - [       main] c.z.hikari.HikariDataSource      : HikariPool-1 - Starting... 
2024-05-27 12:52:37.099  INFO 1 - [       main] c.z.hikari.HikariDataSource      : HikariPool-1 - Start completed. 
2024-05-27 12:52:38.162  INFO 1 - [       main] liquibase.database               : Set default schema name to healenium 
2024-05-27 12:52:40.279  INFO 1 - [       main] liquibase.changelog              : Creating database history table with name: healenium.databasechangelog 
2024-05-27 12:52:40.656  INFO 1 - [       main] liquibase.changelog              : Reading from healenium.databasechangelog 
2024-05-27 12:52:41.454  INFO 1 - [       main] liquibase.lockservice            : Successfully acquired change log lock 
2024-05-27 12:52:41.460  INFO 1 - [       main] liquibase.command                : Using deploymentId: 6803561459 
2024-05-27 12:52:41.469  INFO 1 - [       main] liquibase.changelog              : Reading from healenium.databasechangelog 
2024-05-27 12:52:41.574  INFO 1 - [       main] liquibase.ui                     : Running Changeset: changelog/001_createSequence.xml::3::nkobzev 
2024-05-27 12:52:41.591  INFO 1 - [       main] liquibase.changelog              : Sequence healing_result_seq created 
2024-05-27 12:52:41.598  INFO 1 - [       main] liquibase.changelog              : ChangeSet changelog/001_createSequence.xml::3::nkobzev ran successfully in 20ms 
2024-05-27 12:52:41.627  INFO 1 - [       main] liquibase.ui                     : Running Changeset: changelog/002_selector.xml::5::nkobzev 
2024-05-27 12:52:41.655  INFO 1 - [       main] liquibase.changelog              : Table SELECTOR created 
2024-05-27 12:52:41.662  INFO 1 - [       main] liquibase.changelog              : ChangeSet changelog/002_selector.xml::5::nkobzev ran successfully in 32ms 
2024-05-27 12:52:41.686  INFO 1 - [       main] liquibase.ui                     : Running Changeset: changelog/002_selector.xml::6::nkobzev 
2024-05-27 12:52:41.872  INFO 1 - [       main] liquibase.changelog              : Index SELECTOR_PK created 
2024-05-27 12:52:41.958  INFO 1 - [       main] liquibase.changelog              : ChangeSet changelog/002_selector.xml::6::nkobzev ran successfully in 269ms 
2024-05-27 12:52:41.981  INFO 1 - [       main] liquibase.ui                     : Running Changeset: changelog/003_healing.xml::7::nkobzev 
2024-05-27 12:52:42.053  INFO 1 - [       main] liquibase.changelog              : Table HEALING created 
2024-05-27 12:52:42.060  INFO 1 - [       main] liquibase.changelog              : ChangeSet changelog/003_healing.xml::7::nkobzev ran successfully in 62ms 
2024-05-27 12:52:42.074  INFO 1 - [       main] liquibase.ui                     : Running Changeset: changelog/003_healing.xml::8::nkobzev 
2024-05-27 12:52:42.200  INFO 1 - [       main] liquibase.changelog              : Index HEALING_PK created 
2024-05-27 12:52:42.217  INFO 1 - [       main] liquibase.changelog              : Foreign key constraint added to HEALING (SELECTOR_ID) 
2024-05-27 12:52:42.227  INFO 1 - [       main] liquibase.changelog              : ChangeSet changelog/003_healing.xml::8::nkobzev ran successfully in 151ms 
2024-05-27 12:52:42.254  INFO 1 - [       main] liquibase.ui                     : Running Changeset: changelog/004_healingResult.xml::9::nkobzev 
2024-05-27 12:52:42.321  INFO 1 - [       main] liquibase.changelog              : Table HEALING_RESULT created 
2024-05-27 12:52:42.330  INFO 1 - [       main] liquibase.changelog              : ChangeSet changelog/004_healingResult.xml::9::nkobzev ran successfully in 73ms 
2024-05-27 12:52:42.343  INFO 1 - [       main] liquibase.ui                     : Running Changeset: changelog/004_healingResult.xml::10::nkobzev 
2024-05-27 12:52:42.435  INFO 1 - [       main] liquibase.changelog              : Index HEALING_RESULT_PK created 
2024-05-27 12:52:42.445  INFO 1 - [       main] liquibase.changelog              : Foreign key constraint added to HEALING_RESULT (HEALING_ID) 
2024-05-27 12:52:42.452  INFO 1 - [       main] liquibase.changelog              : ChangeSet changelog/004_healingResult.xml::10::nkobzev ran successfully in 107ms 
2024-05-27 12:52:42.472  INFO 1 - [       main] liquibase.ui                     : Running Changeset: changelog/005_report.xml::11::nkobzev 
2024-05-27 12:52:42.506  INFO 1 - [       main] liquibase.changelog              : Table REPORT created 
2024-05-27 12:52:42.512  INFO 1 - [       main] liquibase.changelog              : ChangeSet changelog/005_report.xml::11::nkobzev ran successfully in 37ms 
2024-05-27 12:52:42.532  INFO 1 - [       main] liquibase.ui                     : Running Changeset: changelog/005_report.xml::12::nkobzev 
2024-05-27 12:52:42.621  INFO 1 - [       main] liquibase.changelog              : Index REPORT_PK created 
2024-05-27 12:52:42.628  INFO 1 - [       main] liquibase.changelog              : ChangeSet changelog/005_report.xml::12::nkobzev ran successfully in 86ms 
2024-05-27 12:52:42.645  INFO 1 - [       main] liquibase.ui                     : Running Changeset: changelog/006_command_and_healingenable_column.xml::13::nkobzev 
2024-05-27 12:52:42.654  INFO 1 - [       main] liquibase.changelog              : Columns COMMAND(VARCHAR(264)),ENABLE_HEALING(BOOLEAN) added to SELECTOR 
2024-05-27 12:52:42.659  INFO 1 - [       main] liquibase.changelog              : ChangeSet changelog/006_command_and_healingenable_column.xml::13::nkobzev ran successfully in 13ms 
2024-05-27 12:52:42.730  INFO 1 - [       main] liquibase.util                   : UPDATE SUMMARY 
2024-05-27 12:52:42.731  INFO 1 - [       main] liquibase.util                   : Run:                         10 
2024-05-27 12:52:42.732  INFO 1 - [       main] liquibase.util                   : Previously run:               0 
2024-05-27 12:52:42.736  INFO 1 - [       main] liquibase.util                   : Filtered out:                 0 
2024-05-27 12:52:42.738  INFO 1 - [       main] liquibase.util                   : ------------------------------- 
2024-05-27 12:52:42.741  INFO 1 - [       main] liquibase.util                   : Total change sets:           10 
2024-05-27 12:52:42.742  INFO 1 - [       main] liquibase.util                   : Update summary generated 
2024-05-27 12:52:42.747  INFO 1 - [       main] liquibase.command                : Update command completed successfully. 
2024-05-27 12:52:42.749  INFO 1 - [       main] liquibase.ui                     : Liquibase: Update has been successful. Rows affected: 10 
2024-05-27 12:52:42.768  INFO 1 - [       main] liquibase.lockservice            : Successfully released change log lock 
2024-05-27 12:52:42.774  INFO 1 - [       main] liquibase.command                : Command execution complete 
2024-05-27 12:52:43.600  INFO 1 - [       main] o.h.j.internal.util.LogHelper    : HHH000204: Processing PersistenceUnitInfo [name: default] 
2024-05-27 12:52:43.947  INFO 1 - [       main] org.hibernate.Version            : HHH000412: Hibernate ORM core version 6.4.1.Final 
2024-05-27 12:52:44.091  INFO 1 - [       main] o.h.c.i.RegionFactoryInitiator   : HHH000026: Second-level cache disabled 
2024-05-27 12:52:45.787  INFO 1 - [       main] .o.j.p.SpringPersistenceUnitInfo : No LoadTimeWeaver setup: ignoring JPA class transformer 
2024-05-27 12:52:46.060  WARN 1 - [       main] org.hibernate.orm.deprecation    : HHH90000025: PostgreSQLDialect does not need to be specified explicitly using 'hibernate.dialect' (remove the property setting and it will be selected by default) 
2024-05-27 12:52:55.755  WARN 1 - [       main] o.h.m.internal.MetadataContext   : HHH015011: Unable to locate static metamodel field : com.epam.healenium.model.domain.Selector_#nodePathWrapper; this may or may not indicate a problem with the static metamodel 
2024-05-27 12:52:55.787  INFO 1 - [       main] h.e.t.j.p.i.JtaPlatformInitiator : HHH000489: No JTA platform available (set 'hibernate.transaction.jta.platform' to enable JTA platform integration) 
2024-05-27 12:52:55.809  INFO 1 - [       main] ontainerEntityManagerFactoryBean : Initialized JPA EntityManagerFactory for persistence unit 'default' 
2024-05-27 12:52:59.156  INFO 1 - [       main] o.s.d.j.r.q.QueryEnhancerFactory : Hibernate is in classpath; If applicable, HQL parser will be used. 
2024-05-27 12:53:01.601  INFO 1 - [       main] .a.w.s.WelcomePageHandlerMapping : Adding welcome page template: index 
2024-05-27 12:53:04.341  INFO 1 - [       main] .s.b.a.e.w.EndpointLinksResolver : Exposing 1 endpoint(s) beneath base path '/actuator' 
2024-05-27 12:53:04.913  INFO 1 - [       main] o.s.b.w.e.t.TomcatWebServer      : Tomcat started on port 7878 (http) with context path '' 
2024-05-27 12:53:06.044  INFO 1 - [       main] c.epam.healenium.Application     : Started Application in 50.43 seconds (process running for 57.59) 
2024-05-27 13:29:01.889  INFO 1 - [7878-exec-1] o.a.c.c.C.[.[localhost].[/]      : Initializing Spring DispatcherServlet 'dispatcherServlet' 
2024-05-27 13:29:01.975  INFO 1 - [7878-exec-1] o.s.w.s.DispatcherServlet        : Initializing Servlet 'dispatcherServlet' 
2024-05-27 13:29:02.189  INFO 1 - [7878-exec-1] o.s.w.s.DispatcherServlet        : Completed initialization in 211 ms 
2024-05-27 13:29:13.443  INFO 1 - [7878-exec-3] healenium                        : [Save Elements] Request: By.xpath(//a[normalize-space()='Home']) 
2024-05-27 13:29:13.980  INFO 1 - [7878-exec-4] healenium                        : [Save Elements] Request: By.xpath(//a[normalize-space()='Signup / Login']) 
2024-05-27 13:29:14.088  INFO 1 - [7878-exec-5] healenium                        : [Save Elements] Request: By.xpath(//a[normalize-space()='Signup / Login']) 
2024-05-27 13:29:14.287  INFO 1 - [7878-exec-7] healenium                        : [Save Elements] Request: By.xpath(//a[normalize-space()='Signup / Login']) 
2024-05-27 13:29:15.551  INFO 1 - [7878-exec-6] healenium                        : [Save Elements] Request: By.xpath(//h2[normalize-space()='Login to your account']) 
2024-05-27 13:29:15.747  INFO 1 - [7878-exec-8] healenium                        : [Save Elements] Request: By.xpath(//input[@data-qa='login-email']) 
2024-05-27 13:29:16.158  INFO 1 - [7878-exec-9] healenium                        : [Save Elements] Request: By.xpath(//input[@data-qa='login-email']) 
2024-05-27 13:29:16.572  INFO 1 - [878-exec-10] healenium                        : [Save Elements] Request: By.xpath(//input[@data-qa='login-password']) 
2024-05-27 13:29:16.851  INFO 1 - [7878-exec-1] healenium                        : [Save Elements] Request: By.xpath(//input[@data-qa='login-password']) 
2024-05-27 13:29:17.310  INFO 1 - [7878-exec-2] healenium                        : [Save Elements] Request: By.xpath(//button[@data-qa='login-button']) 
2024-05-27 13:29:17.519  INFO 1 - [7878-exec-3] healenium                        : [Save Elements] Request: By.xpath(//button[@data-qa='login-button']) 
2024-05-27 13:29:17.749  INFO 1 - [7878-exec-4] healenium                        : [Save Elements] Request: By.xpath(//button[@data-qa='login-button']) 
2024-05-27 13:29:25.621  INFO 1 - [7878-exec-5] healenium                        : [Save Elements] Request: By.xpath(//li[10]//a[1]) 
2024-05-27 13:29:26.560  INFO 1 - [7878-exec-7] healenium                        : [Save Elements] Request: By.xpath(//a[normalize-space()='Logout']) 
2024-05-27 13:29:26.785  INFO 1 - [7878-exec-6] healenium                        : [Save Elements] Request: By.xpath(//a[normalize-space()='Logout']) 
2024-05-27 13:29:27.362  INFO 1 - [7878-exec-8] healenium                        : [Save Elements] Request: By.xpath(//a[normalize-space()='Logout']) 
2024-05-27 13:34:40.560  INFO 1 - [7878-exec-5] healenium                        : [Save Elements] Request: By.xpath(//a[normalize-space()='Home']) 
2024-05-27 13:34:41.209  INFO 1 - [7878-exec-7] healenium                        : [Save Elements] Request: By.xpath(//a[normalize-space()='Signup / Login']) 
2024-05-27 13:34:41.320  INFO 1 - [7878-exec-6] healenium                        : [Save Elements] Request: By.xpath(//a[normalize-space()='Signup / Login']) 
2024-05-27 13:34:41.418  INFO 1 - [7878-exec-8] healenium                        : [Save Elements] Request: By.xpath(//a[normalize-space()='Signup / Login']) 
2024-05-27 13:34:42.334  INFO 1 - [7878-exec-9] healenium                        : [Save Elements] Request: By.xpath(//h2[normalize-space()='Login to your account']) 
2024-05-27 13:34:42.428  INFO 1 - [878-exec-10] healenium                        : [Save Elements] Request: By.xpath(//input[@data-qa='login-email']) 
2024-05-27 13:34:42.547  INFO 1 - [7878-exec-1] healenium                        : [Save Elements] Request: By.xpath(//input[@data-qa='login-email']) 
2024-05-27 13:34:42.821  INFO 1 - [7878-exec-2] healenium                        : [Save Elements] Request: By.xpath(//input[@data-qa='login-password']) 
2024-05-27 13:34:42.982  INFO 1 - [7878-exec-3] healenium                        : [Save Elements] Request: By.xpath(//input[@data-qa='login-password']) 
2024-05-27 13:34:43.112  INFO 1 - [7878-exec-4] healenium                        : [Save Elements] Request: By.xpath(//button[@data-qa='login-button']) 
2024-05-27 13:34:43.199  INFO 1 - [7878-exec-5] healenium                        : [Save Elements] Request: By.xpath(//button[@data-qa='login-button']) 
2024-05-27 13:34:43.268  INFO 1 - [7878-exec-7] healenium                        : [Save Elements] Request: By.xpath(//button[@data-qa='login-button']) 
2024-05-27 13:34:46.333  INFO 1 - [7878-exec-6] healenium                        : [Save Elements] Request: By.xpath(//li[10]//a[1]) 
2024-05-27 13:34:46.437  INFO 1 - [7878-exec-8] healenium                        : [Save Elements] Request: By.xpath(//a[normalize-space()='Logout']) 
2024-05-27 13:34:46.518  INFO 1 - [7878-exec-9] healenium                        : [Save Elements] Request: By.xpath(//a[normalize-space()='Logout']) 
2024-05-27 13:34:46.602  INFO 1 - [878-exec-10] healenium                        : [Save Elements] Request: By.xpath(//a[normalize-space()='Logout']) 
2024-05-27 13:36:04.586  INFO 1 - [7878-exec-4] healenium                        : [Save Elements] Request: By.xpath(//a[normalize-space()='Home']) 
2024-05-27 13:37:42.372  INFO 1 - [7878-exec-7] healenium                        : [Get Reference] Request: RequestDto(locator=//a[normalize-space()='Signup / Login'], className=com.e2eTests.automation.utils.SeleniumUtils, methodName=waitForElementToBeClickable, command=findElement, url=https://automationexercise.com/)) 
2024-05-27 13:37:56.901  INFO 1 - [7878-exec-8] healenium                        : [Get Reference] Request: RequestDto(locator=//a[normalize-space()='Signup / Login'], className=com.e2eTests.automation.utils.SeleniumUtils, methodName=waitForElementToBeClickable, command=findElement, url=https://automationexercise.com/)) 
2024-05-27 13:38:01.178  INFO 1 - [878-exec-10] healenium                        : [Get Reference] Request: RequestDto(locator=//a[normalize-space()='Signup / Login'], className=com.e2eTests.automation.utils.SeleniumUtils, methodName=click, command=findElement, url=https://automationexercise.com/)) 
2024-05-27 13:38:38.834  INFO 1 - [7878-exec-3] healenium                        : [Save Elements] Request: By.xpath(//h2[normalize-space()='Login to your account']) 
2024-05-27 13:38:38.905  INFO 1 - [7878-exec-4] healenium                        : [Save Elements] Request: By.xpath(//input[@data-qa='login-email']) 
2024-05-27 13:38:38.998  INFO 1 - [7878-exec-5] healenium                        : [Save Elements] Request: By.xpath(//input[@data-qa='login-email']) 
2024-05-27 13:38:39.107  INFO 1 - [7878-exec-7] healenium                        : [Save Elements] Request: By.xpath(//input[@data-qa='login-password']) 
2024-05-27 13:38:39.190  INFO 1 - [7878-exec-6] healenium                        : [Save Elements] Request: By.xpath(//input[@data-qa='login-password']) 
2024-05-27 13:38:39.306  INFO 1 - [7878-exec-8] healenium                        : [Save Elements] Request: By.xpath(//button[@data-qa='login-button']) 
2024-05-27 13:38:39.368  INFO 1 - [7878-exec-9] healenium                        : [Save Elements] Request: By.xpath(//button[@data-qa='login-button']) 
2024-05-27 13:38:39.424  INFO 1 - [878-exec-10] healenium                        : [Save Elements] Request: By.xpath(//button[@data-qa='login-button']) 
2024-05-27 13:38:43.944  INFO 1 - [7878-exec-1] healenium                        : [Save Elements] Request: By.xpath(//li[10]//a[1]) 
2024-05-27 13:38:44.019  INFO 1 - [7878-exec-2] healenium                        : [Save Elements] Request: By.xpath(//a[normalize-space()='Logout']) 
2024-05-27 13:38:44.090  INFO 1 - [7878-exec-3] healenium                        : [Save Elements] Request: By.xpath(//a[normalize-space()='Logout']) 
2024-05-27 13:38:44.143  INFO 1 - [7878-exec-4] healenium                        : [Save Elements] Request: By.xpath(//a[normalize-space()='Logout']) 
2024-05-27 13:41:20.087  INFO 1 - [7878-exec-8] healenium                        : [Save Elements] Request: By.xpath(//a[normalize-space()='Home']) 
2024-05-27 13:42:00.150  INFO 1 - [878-exec-10] healenium                        : [Get Reference] Request: RequestDto(locator=//a[normalize-space()='Signup / Login'], className=com.e2eTests.automation.utils.SeleniumUtils, methodName=waitForElementToBeClickable, command=findElement, url=https://automationexercise.com/)) 
2024-05-27 13:42:01.283  INFO 1 - [7878-exec-2] healenium                        : [Get Reference] Request: RequestDto(locator=//a[normalize-space()='Signup / Login'], className=com.e2eTests.automation.utils.SeleniumUtils, methodName=waitForElementToBeClickable, command=findElement, url=https://automationexercise.com/)) 
2024-05-27 13:42:01.990  INFO 1 - [7878-exec-4] healenium                        : [Get Reference] Request: RequestDto(locator=//a[normalize-space()='Signup / Login'], className=com.e2eTests.automation.utils.SeleniumUtils, methodName=click, command=findElement, url=https://automationexercise.com/)) 
2024-05-27 13:42:06.554  INFO 1 - [7878-exec-7] healenium                        : [Save Elements] Request: By.xpath(//h2[normalize-space()='Login to your account']) 
2024-05-27 13:42:06.635  INFO 1 - [7878-exec-6] healenium                        : [Save Elements] Request: By.xpath(//input[@data-qa='login-email']) 
2024-05-27 13:42:06.822  INFO 1 - [7878-exec-8] healenium                        : [Save Elements] Request: By.xpath(//input[@data-qa='login-email']) 
2024-05-27 13:42:06.994  INFO 1 - [7878-exec-9] healenium                        : [Save Elements] Request: By.xpath(//input[@data-qa='login-password']) 
2024-05-27 13:42:07.082  INFO 1 - [878-exec-10] healenium                        : [Save Elements] Request: By.xpath(//input[@data-qa='login-password']) 
2024-05-27 13:42:07.199  INFO 1 - [7878-exec-1] healenium                        : [Save Elements] Request: By.xpath(//button[@data-qa='login-button']) 
2024-05-27 13:42:07.265  INFO 1 - [7878-exec-2] healenium                        : [Save Elements] Request: By.xpath(//button[@data-qa='login-button']) 
2024-05-27 13:42:07.332  INFO 1 - [7878-exec-3] healenium                        : [Save Elements] Request: By.xpath(//button[@data-qa='login-button']) 
2024-05-27 13:42:10.830  INFO 1 - [7878-exec-4] healenium                        : [Save Elements] Request: By.xpath(//li[10]//a[1]) 
2024-05-27 13:42:10.907  INFO 1 - [7878-exec-5] healenium                        : [Save Elements] Request: By.xpath(//a[normalize-space()='Logout']) 
2024-05-27 13:42:10.985  INFO 1 - [7878-exec-7] healenium                        : [Save Elements] Request: By.xpath(//a[normalize-space()='Logout']) 
2024-05-27 13:42:11.078  INFO 1 - [7878-exec-6] healenium                        : [Save Elements] Request: By.xpath(//a[normalize-space()='Logout']) 
2024-05-27 13:44:15.337  INFO 1 - [7878-exec-1] healenium                        : [Save Elements] Request: By.xpath(//a[normalize-space()='Home']) 
2024-05-27 13:44:15.583  INFO 1 - [7878-exec-2] healenium                        : [Save Elements] Request: By.xpath(//i[@class='fa fa-lock']) 
2024-05-27 13:44:15.689  INFO 1 - [7878-exec-3] healenium                        : [Save Elements] Request: By.xpath(//i[@class='fa fa-lock']) 
2024-05-27 13:44:15.804  INFO 1 - [7878-exec-4] healenium                        : [Save Elements] Request: By.xpath(//i[@class='fa fa-lock']) 
2024-05-27 13:44:16.699  INFO 1 - [7878-exec-5] healenium                        : [Save Elements] Request: By.xpath(//h2[normalize-space()='Login to your account']) 
2024-05-27 13:44:16.822  INFO 1 - [7878-exec-7] healenium                        : [Save Elements] Request: By.xpath(//input[@data-qa='login-email']) 
2024-05-27 13:44:16.944  INFO 1 - [7878-exec-6] healenium                        : [Save Elements] Request: By.xpath(//input[@data-qa='login-email']) 
2024-05-27 13:44:17.233  INFO 1 - [7878-exec-8] healenium                        : [Save Elements] Request: By.xpath(//input[@data-qa='login-password']) 
2024-05-27 13:44:17.333  INFO 1 - [7878-exec-9] healenium                        : [Save Elements] Request: By.xpath(//input[@data-qa='login-password']) 
2024-05-27 13:44:17.465  INFO 1 - [878-exec-10] healenium                        : [Save Elements] Request: By.xpath(//button[@data-qa='login-button']) 
2024-05-27 13:44:17.538  INFO 1 - [7878-exec-1] healenium                        : [Save Elements] Request: By.xpath(//button[@data-qa='login-button']) 
2024-05-27 13:44:17.602  INFO 1 - [7878-exec-2] healenium                        : [Save Elements] Request: By.xpath(//button[@data-qa='login-button']) 
2024-05-27 13:44:21.079  INFO 1 - [7878-exec-3] healenium                        : [Save Elements] Request: By.xpath(//li[10]//a[1]) 
2024-05-27 13:44:21.167  INFO 1 - [7878-exec-4] healenium                        : [Save Elements] Request: By.xpath(//a[normalize-space()='Logout']) 
2024-05-27 13:44:21.240  INFO 1 - [7878-exec-5] healenium                        : [Save Elements] Request: By.xpath(//a[normalize-space()='Logout']) 
2024-05-27 13:44:21.319  INFO 1 - [7878-exec-7] healenium                        : [Save Elements] Request: By.xpath(//a[normalize-space()='Logout']) 
2024-05-27 13:44:48.256  INFO 1 - [878-exec-10] healenium                        : [Save Elements] Request: By.xpath(//a[normalize-space()='Home']) 
2024-05-27 13:45:49.680  INFO 1 - [7878-exec-2] healenium                        : [Get Reference] Request: RequestDto(locator=//i[@class='fa fa-lock'], className=com.e2eTests.automation.utils.SeleniumUtils, methodName=waitForElementToBeClickable, command=findElement, url=https://automationexercise.com/)) 
2024-05-27 13:45:51.443  INFO 1 - [7878-exec-4] healenium                        : [Get Reference] Request: RequestDto(locator=//i[@class='fa fa-lock'], className=com.e2eTests.automation.utils.SeleniumUtils, methodName=waitForElementToBeClickable, command=findElement, url=https://automationexercise.com/)) 
2024-05-27 13:45:52.150  INFO 1 - [7878-exec-7] healenium                        : [Get Reference] Request: RequestDto(locator=//i[@class='fa fa-lock'], className=com.e2eTests.automation.utils.SeleniumUtils, methodName=click, command=findElement, url=https://automationexercise.com/)) 
2024-05-27 13:45:55.417  INFO 1 - [7878-exec-8] healenium                        : [Get Reference] Request: RequestDto(locator=//h2[normalize-space()='Login to your account'], className=com.e2eTests.automation.utils.SeleniumUtils, methodName=readText, command=findElement, url=https://automationexercise.com/test_cases)) 
2024-05-27 13:46:59.159  INFO 1 - [7878-exec-3] healenium                        : [Save Elements] Request: By.xpath(//a[normalize-space()='Home']) 
2024-05-27 13:46:59.295  INFO 1 - [7878-exec-4] healenium                        : [Save Elements] Request: By.xpath(//i[@class='fa fa-lock']) 
2024-05-27 13:46:59.383  INFO 1 - [7878-exec-5] healenium                        : [Save Elements] Request: By.xpath(//i[@class='fa fa-lock']) 
2024-05-27 13:46:59.468  INFO 1 - [7878-exec-7] healenium                        : [Save Elements] Request: By.xpath(//i[@class='fa fa-lock']) 
2024-05-27 13:47:00.446  INFO 1 - [7878-exec-6] healenium                        : [Save Elements] Request: By.xpath(//h2[normalize-space()='Login to your account']) 
2024-05-27 13:47:00.542  INFO 1 - [7878-exec-8] healenium                        : [Save Elements] Request: By.xpath(//input[@data-qa='login-email']) 
2024-05-27 13:47:00.658  INFO 1 - [7878-exec-9] healenium                        : [Save Elements] Request: By.xpath(//input[@data-qa='login-email']) 
2024-05-27 13:47:00.905  INFO 1 - [878-exec-10] healenium                        : [Save Elements] Request: By.xpath(//input[@data-qa='login-password']) 
2024-05-27 13:47:01.151  INFO 1 - [7878-exec-1] healenium                        : [Save Elements] Request: By.xpath(//input[@data-qa='login-password']) 
2024-05-27 13:47:01.272  INFO 1 - [7878-exec-2] healenium                        : [Save Elements] Request: By.xpath(//button[@data-qa='login-button']) 
2024-05-27 13:47:01.355  INFO 1 - [7878-exec-3] healenium                        : [Save Elements] Request: By.xpath(//button[@data-qa='login-button']) 
2024-05-27 13:47:01.438  INFO 1 - [7878-exec-4] healenium                        : [Save Elements] Request: By.xpath(//button[@data-qa='login-button']) 
2024-05-27 13:47:04.881  INFO 1 - [7878-exec-5] healenium                        : [Save Elements] Request: By.xpath(//li[10]//a[1]) 
2024-05-27 13:47:04.961  INFO 1 - [7878-exec-7] healenium                        : [Save Elements] Request: By.xpath(//a[normalize-space()='Logout']) 
2024-05-27 13:47:05.042  INFO 1 - [7878-exec-6] healenium                        : [Save Elements] Request: By.xpath(//a[normalize-space()='Logout']) 
2024-05-27 13:47:05.235  INFO 1 - [7878-exec-8] healenium                        : [Save Elements] Request: By.xpath(//a[normalize-space()='Logout']) 
2024-05-27 13:47:28.247  INFO 1 - [7878-exec-2] healenium                        : [Save Elements] Request: By.xpath(//a[normalize-space()='Home']) 
2024-05-27 13:47:49.062  INFO 1 - [7878-exec-3] healenium                        : [Get Reference] Request: RequestDto(locator=//i[@class='fa fa-lock'], className=com.e2eTests.automation.utils.SeleniumUtils, methodName=waitForElementToBeClickable, command=findElement, url=https://automationexercise.com/)) 
2024-05-27 13:47:50.473  INFO 1 - [7878-exec-5] healenium                        : [Get Reference] Request: RequestDto(locator=//i[@class='fa fa-lock'], className=com.e2eTests.automation.utils.SeleniumUtils, methodName=waitForElementToBeClickable, command=findElement, url=https://automationexercise.com/)) 
2024-05-27 13:47:51.089  INFO 1 - [7878-exec-6] healenium                        : [Get Reference] Request: RequestDto(locator=//i[@class='fa fa-lock'], className=com.e2eTests.automation.utils.SeleniumUtils, methodName=click, command=findElement, url=https://automationexercise.com/)) 
2024-05-27 13:47:54.244  INFO 1 - [7878-exec-9] healenium                        : [Get Reference] Request: RequestDto(locator=//h2[normalize-space()='Login to your account'], className=com.e2eTests.automation.utils.SeleniumUtils, methodName=readText, command=findElement, url=https://automationexercise.com/test_cases)) 
2024-05-27 13:48:38.318  INFO 1 - [7878-exec-4] healenium                        : [Save Elements] Request: By.xpath(//a[normalize-space()='Home']) 
2024-05-27 13:49:03.895  INFO 1 - [7878-exec-5] healenium                        : [Get Reference] Request: RequestDto(locator=//i[@class='fa fa-lock'], className=com.e2eTests.automation.utils.SeleniumUtils, methodName=waitForElementToBeClickable, command=findElement, url=https://automationexercise.com/)) 
2024-05-27 13:49:04.970  INFO 1 - [7878-exec-6] healenium                        : [Get Reference] Request: RequestDto(locator=//i[@class='fa fa-lock'], className=com.e2eTests.automation.utils.SeleniumUtils, methodName=waitForElementToBeClickable, command=findElement, url=https://automationexercise.com/)) 
2024-05-27 13:49:05.542  INFO 1 - [7878-exec-9] healenium                        : [Get Reference] Request: RequestDto(locator=//i[@class='fa fa-lock'], className=com.e2eTests.automation.utils.SeleniumUtils, methodName=click, command=findElement, url=https://automationexercise.com/)) 
2024-05-27 13:49:08.055  INFO 1 - [7878-exec-1] healenium                        : [Get Reference] Request: RequestDto(locator=//h2[normalize-space()='Login to your account'], className=com.e2eTests.automation.utils.SeleniumUtils, methodName=readText, command=findElement, url=https://automationexercise.com/api_list)) 
2024-05-27 13:50:34.012  INFO 1 - [7878-exec-7] healenium                        : [Save Elements] Request: By.xpath(//a[normalize-space()='Home']) 
2024-05-27 13:50:34.198  INFO 1 - [7878-exec-6] healenium                        : [Save Elements] Request: By.cssSelector(.fa.fa-lock) 
2024-05-27 13:50:34.302  INFO 1 - [7878-exec-8] healenium                        : [Save Elements] Request: By.cssSelector(.fa.fa-lock) 
2024-05-27 13:50:34.395  INFO 1 - [7878-exec-9] healenium                        : [Save Elements] Request: By.cssSelector(.fa.fa-lock) 
2024-05-27 13:50:35.346  INFO 1 - [878-exec-10] healenium                        : [Save Elements] Request: By.xpath(//h2[normalize-space()='Login to your account']) 
2024-05-27 13:50:35.439  INFO 1 - [7878-exec-1] healenium                        : [Save Elements] Request: By.xpath(//input[@data-qa='login-email']) 
2024-05-27 13:50:35.548  INFO 1 - [7878-exec-2] healenium                        : [Save Elements] Request: By.xpath(//input[@data-qa='login-email']) 
2024-05-27 13:50:35.786  INFO 1 - [7878-exec-3] healenium                        : [Save Elements] Request: By.xpath(//input[@data-qa='login-password']) 
2024-05-27 13:50:35.868  INFO 1 - [7878-exec-4] healenium                        : [Save Elements] Request: By.xpath(//input[@data-qa='login-password']) 
2024-05-27 13:50:35.988  INFO 1 - [7878-exec-5] healenium                        : [Save Elements] Request: By.xpath(//button[@data-qa='login-button']) 
2024-05-27 13:50:36.045  INFO 1 - [7878-exec-7] healenium                        : [Save Elements] Request: By.xpath(//button[@data-qa='login-button']) 
2024-05-27 13:50:36.102  INFO 1 - [7878-exec-6] healenium                        : [Save Elements] Request: By.xpath(//button[@data-qa='login-button']) 
2024-05-27 13:50:39.099  INFO 1 - [7878-exec-8] healenium                        : [Save Elements] Request: By.xpath(//li[10]//a[1]) 
2024-05-27 13:50:39.181  INFO 1 - [7878-exec-9] healenium                        : [Save Elements] Request: By.xpath(//a[normalize-space()='Logout']) 
2024-05-27 13:50:39.261  INFO 1 - [878-exec-10] healenium                        : [Save Elements] Request: By.xpath(//a[normalize-space()='Logout']) 
2024-05-27 13:50:39.333  INFO 1 - [7878-exec-1] healenium                        : [Save Elements] Request: By.xpath(//a[normalize-space()='Logout']) 
2024-05-27 13:51:04.009  INFO 1 - [7878-exec-5] healenium                        : [Save Elements] Request: By.xpath(//a[normalize-space()='Home']) 
2024-05-27 13:51:20.964  INFO 1 - [7878-exec-7] healenium                        : [Get Reference] Request: RequestDto(locator=.fa.fa-lock, className=com.e2eTests.automation.utils.SeleniumUtils, methodName=waitForElementToBeClickable, command=findElement, url=https://automationexercise.com/)) 
2024-05-27 13:51:22.807  INFO 1 - [7878-exec-8] healenium                        : [Get Reference] Request: RequestDto(locator=.fa.fa-lock, className=com.e2eTests.automation.utils.SeleniumUtils, methodName=waitForElementToBeClickable, command=findElement, url=https://automationexercise.com/)) 
2024-05-27 13:51:23.518  INFO 1 - [878-exec-10] healenium                        : [Get Reference] Request: RequestDto(locator=.fa.fa-lock, className=com.e2eTests.automation.utils.SeleniumUtils, methodName=click, command=findElement, url=https://automationexercise.com/)) 
2024-05-27 13:51:26.444  INFO 1 - [7878-exec-2] healenium                        : [Get Reference] Request: RequestDto(locator=//h2[normalize-space()='Login to your account'], className=com.e2eTests.automation.utils.SeleniumUtils, methodName=readText, command=findElement, url=https://automationexercise.com/test_cases)) 
2024-05-27 13:52:02.040  INFO 1 - [7878-exec-6] healenium                        : [Save Elements] Request: By.xpath(//a[normalize-space()='Home']) 
2024-05-27 13:52:02.185  INFO 1 - [7878-exec-8] healenium                        : [Save Elements] Request: By.cssSelector(.fa.fa-lock) 
2024-05-27 13:52:02.307  INFO 1 - [7878-exec-9] healenium                        : [Save Elements] Request: By.cssSelector(.fa.fa-lock) 
2024-05-27 13:52:02.421  INFO 1 - [878-exec-10] healenium                        : [Save Elements] Request: By.cssSelector(.fa.fa-lock) 
2024-05-27 13:52:03.442  INFO 1 - [7878-exec-1] healenium                        : [Save Elements] Request: By.xpath(//h2[normalize-space()='Login to your account']) 
2024-05-27 13:52:03.557  INFO 1 - [7878-exec-2] healenium                        : [Save Elements] Request: By.xpath(//input[@data-qa='login-email']) 
2024-05-27 13:52:03.673  INFO 1 - [7878-exec-3] healenium                        : [Save Elements] Request: By.xpath(//input[@data-qa='login-email']) 
2024-05-27 13:52:03.933  INFO 1 - [7878-exec-4] healenium                        : [Save Elements] Request: By.xpath(//input[@data-qa='login-password']) 
2024-05-27 13:52:04.021  INFO 1 - [7878-exec-5] healenium                        : [Save Elements] Request: By.xpath(//input[@data-qa='login-password']) 
2024-05-27 13:52:04.151  INFO 1 - [7878-exec-7] healenium                        : [Save Elements] Request: By.xpath(//button[@data-qa='login-button']) 
2024-05-27 13:52:04.218  INFO 1 - [7878-exec-6] healenium                        : [Save Elements] Request: By.xpath(//button[@data-qa='login-button']) 
2024-05-27 13:52:04.273  INFO 1 - [7878-exec-8] healenium                        : [Save Elements] Request: By.xpath(//button[@data-qa='login-button']) 
2024-05-27 13:52:08.826  INFO 1 - [7878-exec-9] healenium                        : [Save Elements] Request: By.xpath(//li[10]//a[1]) 
2024-05-27 13:52:08.919  INFO 1 - [878-exec-10] healenium                        : [Save Elements] Request: By.xpath(//a[normalize-space()='Logout']) 
2024-05-27 13:52:09.008  INFO 1 - [7878-exec-1] healenium                        : [Save Elements] Request: By.xpath(//a[normalize-space()='Logout']) 
2024-05-27 13:52:09.089  INFO 1 - [7878-exec-2] healenium                        : [Save Elements] Request: By.xpath(//a[normalize-space()='Logout']) 
2024-05-27 13:52:41.693  INFO 1 - [7878-exec-7] healenium                        : [Save Elements] Request: By.xpath(//a[normalize-space()='Home']) 
2024-05-27 13:52:41.884  INFO 1 - [7878-exec-6] healenium                        : [Save Elements] Request: By.cssSelector(.fa.fa-lock) 
2024-05-27 13:52:42.033  INFO 1 - [7878-exec-8] healenium                        : [Save Elements] Request: By.cssSelector(.fa.fa-lock) 
2024-05-27 13:52:42.146  INFO 1 - [7878-exec-9] healenium                        : [Save Elements] Request: By.cssSelector(.fa.fa-lock) 
2024-05-27 13:52:43.147  INFO 1 - [878-exec-10] healenium                        : [Save Elements] Request: By.xpath(//h2[normalize-space()='Login to your account']) 
2024-05-27 13:52:43.243  INFO 1 - [7878-exec-1] healenium                        : [Save Elements] Request: By.xpath(//input[@data-qa='login-email']) 
2024-05-27 13:52:43.386  INFO 1 - [7878-exec-2] healenium                        : [Save Elements] Request: By.xpath(//input[@data-qa='login-email']) 
2024-05-27 13:52:43.719  INFO 1 - [7878-exec-3] healenium                        : [Save Elements] Request: By.xpath(//input[@data-qa='login-password']) 
2024-05-27 13:52:43.805  INFO 1 - [7878-exec-4] healenium                        : [Save Elements] Request: By.xpath(//input[@data-qa='login-password']) 
2024-05-27 13:52:43.948  INFO 1 - [7878-exec-5] healenium                        : [Save Elements] Request: By.xpath(//button[@data-qa='login-button']) 
2024-05-27 13:52:44.021  INFO 1 - [7878-exec-7] healenium                        : [Save Elements] Request: By.xpath(//button[@data-qa='login-button']) 
2024-05-27 13:52:44.093  INFO 1 - [7878-exec-6] healenium                        : [Save Elements] Request: By.xpath(//button[@data-qa='login-button']) 
2024-05-27 13:52:47.760  INFO 1 - [7878-exec-8] healenium                        : [Save Elements] Request: By.xpath(//li[10]//a[1]) 
2024-05-27 13:52:47.846  INFO 1 - [7878-exec-9] healenium                        : [Save Elements] Request: By.xpath(//a[normalize-space()='Logout']) 
2024-05-27 13:52:47.921  INFO 1 - [878-exec-10] healenium                        : [Save Elements] Request: By.xpath(//a[normalize-space()='Logout']) 
2024-05-27 13:52:47.988  INFO 1 - [7878-exec-1] healenium                        : [Save Elements] Request: By.xpath(//a[normalize-space()='Logout']) 
2024-05-27 13:53:12.108  INFO 1 - [7878-exec-5] healenium                        : [Save Elements] Request: By.xpath(//a[normalize-space()='Home']) 
2024-05-27 13:53:30.742  INFO 1 - [7878-exec-7] healenium                        : [Get Reference] Request: RequestDto(locator=.fa.fa-lock, className=com.e2eTests.automation.utils.SeleniumUtils, methodName=waitForElementToBeClickable, command=findElement, url=https://automationexercise.com/)) 
2024-05-27 13:53:32.178  INFO 1 - [7878-exec-8] healenium                        : [Get Reference] Request: RequestDto(locator=.fa.fa-lock, className=com.e2eTests.automation.utils.SeleniumUtils, methodName=waitForElementToBeClickable, command=findElement, url=https://automationexercise.com/)) 
2024-05-27 13:53:32.776  INFO 1 - [878-exec-10] healenium                        : [Get Reference] Request: RequestDto(locator=.fa.fa-lock, className=com.e2eTests.automation.utils.SeleniumUtils, methodName=click, command=findElement, url=https://automationexercise.com/)) 
2024-05-27 13:53:35.337  INFO 1 - [7878-exec-2] healenium                        : [Get Reference] Request: RequestDto(locator=//h2[normalize-space()='Login to your account'], className=com.e2eTests.automation.utils.SeleniumUtils, methodName=readText, command=findElement, url=https://automationexercise.com/test_cases)) 
2024-05-27 13:55:06.181  INFO 1 - [7878-exec-6] healenium                        : [Save Elements] Request: By.xpath(//a[normalize-space()='Home']) 
2024-05-27 13:55:06.395  INFO 1 - [7878-exec-8] healenium                        : [Save Elements] Request: By.cssSelector(.fa.fa-lock) 
2024-05-27 13:55:06.511  INFO 1 - [7878-exec-9] healenium                        : [Save Elements] Request: By.cssSelector(.fa.fa-lock) 
2024-05-27 13:55:06.608  INFO 1 - [878-exec-10] healenium                        : [Save Elements] Request: By.cssSelector(.fa.fa-lock) 
2024-05-27 13:55:07.507  INFO 1 - [7878-exec-1] healenium                        : [Save Elements] Request: By.xpath(//h2[normalize-space()='Login to your account']) 
2024-05-27 13:55:07.612  INFO 1 - [7878-exec-2] healenium                        : [Save Elements] Request: By.xpath(//input[@data-qa='login-email']) 
2024-05-27 13:55:07.721  INFO 1 - [7878-exec-3] healenium                        : [Save Elements] Request: By.xpath(//input[@data-qa='login-email']) 
2024-05-27 13:55:07.986  INFO 1 - [7878-exec-4] healenium                        : [Save Elements] Request: By.xpath(//input[@data-qa='login-password']) 
2024-05-27 13:55:08.080  INFO 1 - [7878-exec-5] healenium                        : [Save Elements] Request: By.xpath(//input[@data-qa='login-password']) 
2024-05-27 13:55:46.772  INFO 1 - [7878-exec-6] healenium                        : [Get Reference] Request: RequestDto(locator=//button[@data-qa='login-button'], className=com.e2eTests.automation.utils.SeleniumUtils, methodName=waitForElementToBeClickable, command=findElement, url=https://automationexercise.com/login)) 
2024-05-27 13:55:47.537  INFO 1 - [7878-exec-9] healenium                        : [Get Reference] Request: RequestDto(locator=//button[@data-qa='login-button'], className=com.e2eTests.automation.utils.SeleniumUtils, methodName=waitForElementToBeClickable, command=findElement, url=https://automationexercise.com/login)) 
2024-05-27 13:55:48.120  INFO 1 - [7878-exec-1] healenium                        : [Get Reference] Request: RequestDto(locator=//button[@data-qa='login-button'], className=com.e2eTests.automation.utils.SeleniumUtils, methodName=click, command=findElement, url=https://automationexercise.com/login)) 
2024-05-27 13:55:52.972  INFO 1 - [7878-exec-3] healenium                        : [Save Elements] Request: By.xpath(//li[10]//a[1]) 
2024-05-27 13:55:53.256  INFO 1 - [7878-exec-4] healenium                        : [Save Elements] Request: By.xpath(//a[normalize-space()='Logout']) 
2024-05-27 13:55:53.367  INFO 1 - [7878-exec-5] healenium                        : [Save Elements] Request: By.xpath(//a[normalize-space()='Logout']) 
2024-05-27 13:55:53.446  INFO 1 - [7878-exec-7] healenium                        : [Save Elements] Request: By.xpath(//a[normalize-space()='Logout']) 
2024-05-27 17:49:43.998  INFO 1 - [7878-exec-2] healenium                        : [Save Elements] Request: By.xpath(//a[normalize-space()='Home']) 
2024-05-27 17:49:44.270  INFO 1 - [7878-exec-3] healenium                        : [Save Elements] Request: By.cssSelector(.fa.fa-lock) 
2024-05-27 17:49:44.388  INFO 1 - [7878-exec-4] healenium                        : [Save Elements] Request: By.cssSelector(.fa.fa-lock) 
2024-05-27 17:49:44.527  INFO 1 - [7878-exec-5] healenium                        : [Save Elements] Request: By.cssSelector(.fa.fa-lock) 
2024-05-27 17:49:45.447  INFO 1 - [7878-exec-7] healenium                        : [Save Elements] Request: By.xpath(//h2[normalize-space()='Login to your account']) 
2024-05-27 17:49:45.554  INFO 1 - [7878-exec-6] healenium                        : [Save Elements] Request: By.xpath(//input[@data-qa='login-email']) 
2024-05-27 17:49:45.950  INFO 1 - [7878-exec-8] healenium                        : [Save Elements] Request: By.xpath(//input[@data-qa='login-email']) 
2024-05-27 17:49:46.274  INFO 1 - [7878-exec-9] healenium                        : [Save Elements] Request: By.xpath(//input[@data-qa='login-password']) 
2024-05-27 17:49:46.381  INFO 1 - [878-exec-10] healenium                        : [Save Elements] Request: By.xpath(//input[@data-qa='login-password']) 
2024-05-27 17:49:46.601  INFO 1 - [7878-exec-1] healenium                        : [Save Elements] Request: By.xpath(//button[@data-qa='login-button']) 
2024-05-27 17:49:46.697  INFO 1 - [7878-exec-2] healenium                        : [Save Elements] Request: By.xpath(//button[@data-qa='login-button']) 
2024-05-27 17:49:46.787  INFO 1 - [7878-exec-3] healenium                        : [Save Elements] Request: By.xpath(//button[@data-qa='login-button']) 
2024-05-27 17:49:50.181  INFO 1 - [7878-exec-4] healenium                        : [Save Elements] Request: By.xpath(//li[10]//a[1]) 
2024-05-27 17:49:50.259  INFO 1 - [7878-exec-5] healenium                        : [Save Elements] Request: By.xpath(//a[normalize-space()='Logout']) 
2024-05-27 17:49:50.329  INFO 1 - [7878-exec-7] healenium                        : [Save Elements] Request: By.xpath(//a[normalize-space()='Logout']) 
2024-05-27 17:49:50.390  INFO 1 - [7878-exec-6] healenium                        : [Save Elements] Request: By.xpath(//a[normalize-space()='Logout']) 
2024-05-27 17:53:11.831  INFO 1 - [7878-exec-1] healenium                        : [Save Elements] Request: By.xpath(//a[normalize-space()='Home']) 
2024-05-27 17:53:12.030  INFO 1 - [7878-exec-2] healenium                        : [Save Elements] Request: By.cssSelector(.fa.fa-lock) 
2024-05-27 17:53:12.119  INFO 1 - [7878-exec-3] healenium                        : [Save Elements] Request: By.cssSelector(.fa.fa-lock) 
2024-05-27 17:53:12.230  INFO 1 - [7878-exec-4] healenium                        : [Save Elements] Request: By.cssSelector(.fa.fa-lock) 
2024-05-27 17:53:13.095  INFO 1 - [7878-exec-5] healenium                        : [Save Elements] Request: By.xpath(//h2[normalize-space()='Login to your account']) 
2024-05-27 17:53:13.196  INFO 1 - [7878-exec-7] healenium                        : [Save Elements] Request: By.xpath(//input[@data-qa='login-email']) 
2024-05-27 17:53:13.351  INFO 1 - [7878-exec-6] healenium                        : [Save Elements] Request: By.xpath(//input[@data-qa='login-email']) 
2024-05-27 17:53:13.678  INFO 1 - [7878-exec-8] healenium                        : [Save Elements] Request: By.xpath(//input[@data-qa='login-password']) 
2024-05-27 17:53:13.788  INFO 1 - [7878-exec-9] healenium                        : [Save Elements] Request: By.xpath(//input[@data-qa='login-password']) 
2024-05-27 17:53:13.912  INFO 1 - [878-exec-10] healenium                        : [Save Elements] Request: By.xpath(//button[@data-qa='login-button']) 
2024-05-27 17:53:13.987  INFO 1 - [7878-exec-1] healenium                        : [Save Elements] Request: By.xpath(//button[@data-qa='login-button']) 
2024-05-27 17:53:14.045  INFO 1 - [7878-exec-2] healenium                        : [Save Elements] Request: By.xpath(//button[@data-qa='login-button']) 
2024-05-27 17:53:17.693  INFO 1 - [7878-exec-3] healenium                        : [Save Elements] Request: By.xpath(//li[10]//a[1]) 
2024-05-27 17:53:17.775  INFO 1 - [7878-exec-4] healenium                        : [Save Elements] Request: By.xpath(//a[normalize-space()='Logout']) 
2024-05-27 17:53:17.858  INFO 1 - [7878-exec-5] healenium                        : [Save Elements] Request: By.xpath(//a[normalize-space()='Logout']) 
2024-05-27 17:53:17.932  INFO 1 - [7878-exec-7] healenium                        : [Save Elements] Request: By.xpath(//a[normalize-space()='Logout']) 
2024-05-27 17:54:40.763  INFO 1 - [878-exec-10] healenium                        : [Save Elements] Request: By.xpath(//a[normalize-space()='Home']) 
2024-05-27 17:54:40.946  INFO 1 - [7878-exec-1] healenium                        : [Save Elements] Request: By.cssSelector(.fa.fa-lock) 
2024-05-27 17:54:41.226  INFO 1 - [7878-exec-2] healenium                        : [Save Elements] Request: By.cssSelector(.fa.fa-lock) 
2024-05-27 17:54:41.349  INFO 1 - [7878-exec-3] healenium                        : [Save Elements] Request: By.cssSelector(.fa.fa-lock) 
2024-05-27 17:54:43.574  INFO 1 - [7878-exec-4] healenium                        : [Save Elements] Request: By.xpath(//h2[normalize-space()='Login to your account']) 
2024-05-27 17:54:43.647  INFO 1 - [7878-exec-5] healenium                        : [Save Elements] Request: By.xpath(//input[@data-qa='login-email']) 
2024-05-27 17:54:43.712  INFO 1 - [7878-exec-7] healenium                        : [Save Elements] Request: By.xpath(//input[@data-qa='login-email']) 
2024-05-27 17:54:43.820  INFO 1 - [7878-exec-6] healenium                        : [Save Elements] Request: By.xpath(//input[@data-qa='login-password']) 
2024-05-27 17:54:43.925  INFO 1 - [7878-exec-8] healenium                        : [Save Elements] Request: By.xpath(//input[@data-qa='login-password']) 
2024-05-27 17:54:46.581  INFO 1 - [7878-exec-9] healenium                        : [Save Elements] Request: By.xpath(//button[@data-qa='login-button']) 
2024-05-27 17:54:46.749  INFO 1 - [878-exec-10] healenium                        : [Save Elements] Request: By.xpath(//button[@data-qa='login-button']) 
2024-05-27 17:54:46.832  INFO 1 - [7878-exec-1] healenium                        : [Save Elements] Request: By.xpath(//button[@data-qa='login-button']) 
2024-05-27 17:54:51.175  INFO 1 - [7878-exec-2] healenium                        : [Save Elements] Request: By.xpath(//li[10]//a[1]) 
2024-05-27 17:55:05.130  INFO 1 - [7878-exec-3] healenium                        : [Save Elements] Request: By.xpath(//a[normalize-space()='Logout']) 
2024-05-27 17:55:05.198  INFO 1 - [7878-exec-4] healenium                        : [Save Elements] Request: By.xpath(//a[normalize-space()='Logout']) 
2024-05-27 17:55:05.241  INFO 1 - [7878-exec-5] healenium                        : [Save Elements] Request: By.xpath(//a[normalize-space()='Logout']) 
2024-05-27 17:55:33.289  INFO 1 - [7878-exec-9] healenium                        : [Save Elements] Request: By.xpath(//a[normalize-space()='Home']) 
2024-05-27 17:55:33.434  INFO 1 - [878-exec-10] healenium                        : [Save Elements] Request: By.cssSelector(.fa.fa-lock) 
2024-05-27 17:55:33.542  INFO 1 - [7878-exec-1] healenium                        : [Save Elements] Request: By.cssSelector(.fa.fa-lock) 
2024-05-27 17:55:33.677  INFO 1 - [7878-exec-2] healenium                        : [Save Elements] Request: By.cssSelector(.fa.fa-lock) 
2024-05-27 17:55:34.658  INFO 1 - [7878-exec-3] healenium                        : [Save Elements] Request: By.xpath(//h2[normalize-space()='Login to your account']) 
2024-05-27 17:55:34.753  INFO 1 - [7878-exec-4] healenium                        : [Save Elements] Request: By.xpath(//input[@data-qa='login-email']) 
2024-05-27 17:55:34.865  INFO 1 - [7878-exec-5] healenium                        : [Save Elements] Request: By.xpath(//input[@data-qa='login-email']) 
2024-05-27 17:55:35.167  INFO 1 - [7878-exec-7] healenium                        : [Save Elements] Request: By.xpath(//input[@data-qa='login-password']) 
2024-05-27 17:55:35.257  INFO 1 - [7878-exec-6] healenium                        : [Save Elements] Request: By.xpath(//input[@data-qa='login-password']) 
2024-05-27 17:55:57.599  INFO 1 - [7878-exec-8] healenium                        : [Get Reference] Request: RequestDto(locator=//button[@data-qa='login-button'], className=com.e2eTests.automation.utils.SeleniumUtils, methodName=waitForElementToBeClickable, command=findElement, url=https://automationexercise.com/login)) 
2024-05-27 17:55:58.422  INFO 1 - [878-exec-10] healenium                        : [Get Reference] Request: RequestDto(locator=//button[@data-qa='login-button'], className=com.e2eTests.automation.utils.SeleniumUtils, methodName=waitForElementToBeClickable, command=findElement, url=https://automationexercise.com/login)) 
2024-05-27 17:55:58.728  INFO 1 - [7878-exec-2] healenium                        : [Get Reference] Request: RequestDto(locator=//button[@data-qa='login-button'], className=com.e2eTests.automation.utils.SeleniumUtils, methodName=click, command=findElement, url=https://automationexercise.com/login)) 
2024-05-27 17:56:01.928  INFO 1 - [7878-exec-4] healenium                        : [Save Elements] Request: By.xpath(//li[10]//a[1]) 
2024-05-27 18:01:01.031  INFO 1 - [7878-exec-5] healenium                        : [Save Elements] Request: By.xpath(//a[normalize-space()='Logout']) 
2024-05-27 18:01:01.118  INFO 1 - [7878-exec-7] healenium                        : [Save Elements] Request: By.xpath(//a[normalize-space()='Logout']) 
2024-05-27 18:01:01.205  INFO 1 - [7878-exec-6] healenium                        : [Save Elements] Request: By.xpath(//a[normalize-space()='Logout']) 
